<?xml version="1.0" encoding="UTF-8"?>
<!-- Generated by org.testng.reporters.JUnitXMLReporter -->
<testsuite ignored="3" hostname="LAPTOP-UILFKUPE" failures="0" tests="2" name="Default test" time="11.167" errors="0" timestamp="2023-02-06T14:19:10 GMT-06:00">
  <testcase classname="Hexaware.tests.UserOpenAccountProcess" name="loginParaBank" time="1.855"/>
  <testcase classname="Hexaware.tests.UserOpenAccountProcess" name="loginParaBank" time="1.9"/>
  <testcase classname="Hexaware.tests.UserOpenAccountProcess" name="registerAccount" time="0.0">
    <ignored/>
  </testcase> <!-- registerAccount -->
  <testcase classname="Hexaware.tests.UserOpenAccountProcess" name="RegressionUserProcess" time="0.0">
    <ignored/>
  </testcase> <!-- RegressionUserProcess -->
  <testcase classname="Hexaware.tests.UserOpenAccountProcess" name="userCreateOpenAccount" time="0.0">
    <ignored/>
  </testcase> <!-- userCreateOpenAccount -->
</testsuite> <!-- Default test -->
