<?xml version="1.0" encoding="UTF-8"?>
<!-- Generated by org.testng.reporters.JUnitXMLReporter -->
<testsuite ignored="2" hostname="LAPTOP-UILFKUPE" failures="0" tests="2" name="Default test" time="12.291" errors="0" timestamp="2023-02-02T17:13:11 GMT-06:00">
  <testcase classname="Hexaware.tests.UserRegistration" name="userCreateOpenAccount" time="2.988"/>
  <testcase classname="Hexaware.tests.UserRegistration" name="userCreateOpenAccount" time="2.884"/>
  <testcase classname="Hexaware.tests.UserRegistration" name="registerAccount" time="0.0">
    <ignored/>
  </testcase> <!-- registerAccount -->
  <testcase classname="Hexaware.tests.UserRegistration" name="loginParaBank" time="0.0">
    <ignored/>
  </testcase> <!-- loginParaBank -->
</testsuite> <!-- Default test -->
