<?xml version="1.0" encoding="UTF-8"?>
<!-- Generated by org.testng.reporters.JUnitXMLReporter -->
<testsuite ignored="3" hostname="LAPTOP-UILFKUPE" failures="2" tests="2" name="Test" time="12.41" errors="0" timestamp="2023-02-06T14:16:25 GMT-06:00">
  <testcase classname="Hexaware.tests.UserOpenAccountProcess" name="RegressionUserProcess" time="2.485">
    <failure type="java.lang.AssertionError" message="expected [If you have an account with us you can sign-up for free instant online access. You will have to provide some personal information.] but found [Your account was created successfully. You are now logged in.]">
      <![CDATA[java.lang.AssertionError: expected [If you have an account with us you can sign-up for free instant online access. You will have to provide some personal information.] but found [Your account was created successfully. You are now logged in.]
at Hexaware.tests.UserOpenAccountProcess.RegressionUserProcess(UserOpenAccountProcess.java:33)
at java.base/java.util.concurrent.ThreadPoolExecutor.runWorker(ThreadPoolExecutor.java:1136)
at java.base/java.util.concurrent.ThreadPoolExecutor$Worker.run(ThreadPoolExecutor.java:635)
at java.base/java.lang.Thread.run(Thread.java:833)
... Removed 18 stack frames]]>
    </failure>
  </testcase> <!-- RegressionUserProcess -->
  <testcase classname="Hexaware.tests.UserOpenAccountProcess" name="RegressionUserProcess" time="2.365">
    <failure type="java.lang.AssertionError" message="expected [If you have an account with us you can sign-up for free instant online access. You will have to provide some personal information.] but found [Your account was created successfully. You are now logged in.]">
      <![CDATA[java.lang.AssertionError: expected [If you have an account with us you can sign-up for free instant online access. You will have to provide some personal information.] but found [Your account was created successfully. You are now logged in.]
at Hexaware.tests.UserOpenAccountProcess.RegressionUserProcess(UserOpenAccountProcess.java:33)
at java.base/java.util.concurrent.ThreadPoolExecutor.runWorker(ThreadPoolExecutor.java:1136)
at java.base/java.util.concurrent.ThreadPoolExecutor$Worker.run(ThreadPoolExecutor.java:635)
at java.base/java.lang.Thread.run(Thread.java:833)
... Removed 18 stack frames]]>
    </failure>
  </testcase> <!-- RegressionUserProcess -->
  <testcase classname="Hexaware.tests.UserOpenAccountProcess" name="userCreateOpenAccount" time="0.0">
    <ignored/>
  </testcase> <!-- userCreateOpenAccount -->
  <testcase classname="Hexaware.tests.UserOpenAccountProcess" name="registerAccount" time="0.0">
    <ignored/>
  </testcase> <!-- registerAccount -->
  <testcase classname="Hexaware.tests.UserOpenAccountProcess" name="loginParaBank" time="0.0">
    <ignored/>
  </testcase> <!-- loginParaBank -->
</testsuite> <!-- Test -->
