<?xml version="1.0" encoding="UTF-8"?>
<testng-results ignored="2" total="4" passed="2" failed="0" skipped="0">
  <reporter-output>
  </reporter-output>
  <suite started-at="2023-02-02T17:12:59 GMT-06:00" name="Default suite" finished-at="2023-02-02T17:13:11 GMT-06:00" duration-ms="12291">
    <groups>
    </groups>
    <test started-at="2023-02-02T17:12:59 GMT-06:00" name="Default test" finished-at="2023-02-02T17:13:11 GMT-06:00" duration-ms="12291">
      <class name="Hexaware.tests.UserRegistration">
        <test-method is-config="true" signature="launchingApplication()[pri:0, instance:Hexaware.tests.UserRegistration@6e9175d8]" started-at="2023-02-02T17:13:00 GMT-06:00" name="launchingApplication" finished-at="2023-02-02T17:13:03 GMT-06:00" duration-ms="3681" status="PASS">
          <reporter-output>
          </reporter-output>
        </test-method> <!-- launchingApplication -->
        <test-method signature="userCreateOpenAccount(java.lang.String,java.lang.String)[pri:0, instance:Hexaware.tests.UserRegistration@6e9175d8]" started-at="2023-02-02T17:13:03 GMT-06:00" name="userCreateOpenAccount" data-provider="loginTestData" finished-at="2023-02-02T17:13:06 GMT-06:00" duration-ms="2988" status="PASS">
          <params>
            <param index="0">
              <value>
                <![CDATA[nlimas]]>
              </value>
            </param>
            <param index="1">
              <value>
                <![CDATA[123123]]>
              </value>
            </param>
          </params>
          <reporter-output>
          </reporter-output>
        </test-method> <!-- userCreateOpenAccount -->
        <test-method is-config="true" signature="tearDown()[pri:0, instance:Hexaware.tests.UserRegistration@6e9175d8]" started-at="2023-02-02T17:13:06 GMT-06:00" name="tearDown" finished-at="2023-02-02T17:13:06 GMT-06:00" duration-ms="1" status="PASS">
          <reporter-output>
          </reporter-output>
        </test-method> <!-- tearDown -->
        <test-method is-config="true" signature="launchingApplication()[pri:0, instance:Hexaware.tests.UserRegistration@6e9175d8]" started-at="2023-02-02T17:13:06 GMT-06:00" name="launchingApplication" finished-at="2023-02-02T17:13:08 GMT-06:00" duration-ms="1903" status="PASS">
          <reporter-output>
          </reporter-output>
        </test-method> <!-- launchingApplication -->
        <test-method signature="userCreateOpenAccount(java.lang.String,java.lang.String)[pri:0, instance:Hexaware.tests.UserRegistration@6e9175d8]" started-at="2023-02-02T17:13:08 GMT-06:00" name="userCreateOpenAccount" data-provider="loginTestData" finished-at="2023-02-02T17:13:11 GMT-06:00" duration-ms="2884" status="PASS">
          <params>
            <param index="0">
              <value>
                <![CDATA[ocanchola]]>
              </value>
            </param>
            <param index="1">
              <value>
                <![CDATA[432323]]>
              </value>
            </param>
          </params>
          <reporter-output>
          </reporter-output>
        </test-method> <!-- userCreateOpenAccount -->
        <test-method is-config="true" signature="tearDown()[pri:0, instance:Hexaware.tests.UserRegistration@6e9175d8]" started-at="2023-02-02T17:13:11 GMT-06:00" name="tearDown" finished-at="2023-02-02T17:13:11 GMT-06:00" duration-ms="0" status="PASS">
          <reporter-output>
          </reporter-output>
        </test-method> <!-- tearDown -->
      </class> <!-- Hexaware.tests.UserRegistration -->
    </test> <!-- Default test -->
  </suite> <!-- Default suite -->
</testng-results>
