<?xml version="1.0" encoding="UTF-8"?>
<testng-results ignored="3" total="5" passed="2" failed="0" skipped="0">
  <reporter-output>
  </reporter-output>
  <suite started-at="2023-02-06T14:18:59 GMT-06:00" name="Default suite" finished-at="2023-02-06T14:19:10 GMT-06:00" duration-ms="11167">
    <groups>
    </groups>
    <test started-at="2023-02-06T14:18:59 GMT-06:00" name="Default test" finished-at="2023-02-06T14:19:10 GMT-06:00" duration-ms="11167">
      <class name="Hexaware.tests.UserOpenAccountProcess">
        <test-method is-config="true" signature="launchingApplication()[pri:0, instance:Hexaware.tests.UserOpenAccountProcess@235ecd9f]" started-at="2023-02-06T14:19:00 GMT-06:00" name="launchingApplication" finished-at="2023-02-06T14:19:04 GMT-06:00" duration-ms="4113" status="PASS">
          <reporter-output>
          </reporter-output>
        </test-method> <!-- launchingApplication -->
        <test-method signature="loginParaBank(java.lang.String,java.lang.String)[pri:0, instance:Hexaware.tests.UserOpenAccountProcess@235ecd9f]" started-at="2023-02-06T14:19:04 GMT-06:00" name="loginParaBank" data-provider="loginTestData" finished-at="2023-02-06T14:19:06 GMT-06:00" duration-ms="1855" status="PASS">
          <params>
            <param index="0">
              <value>
                <![CDATA[nlimas]]>
              </value>
            </param>
            <param index="1">
              <value>
                <![CDATA[123123]]>
              </value>
            </param>
          </params>
          <reporter-output>
          </reporter-output>
        </test-method> <!-- loginParaBank -->
        <test-method is-config="true" signature="tearDown()[pri:0, instance:Hexaware.tests.UserOpenAccountProcess@235ecd9f]" started-at="2023-02-06T14:19:06 GMT-06:00" name="tearDown" finished-at="2023-02-06T14:19:06 GMT-06:00" duration-ms="251" status="PASS">
          <reporter-output>
          </reporter-output>
        </test-method> <!-- tearDown -->
        <test-method is-config="true" signature="launchingApplication()[pri:0, instance:Hexaware.tests.UserOpenAccountProcess@235ecd9f]" started-at="2023-02-06T14:19:06 GMT-06:00" name="launchingApplication" finished-at="2023-02-06T14:19:08 GMT-06:00" duration-ms="2010" status="PASS">
          <reporter-output>
          </reporter-output>
        </test-method> <!-- launchingApplication -->
        <test-method signature="loginParaBank(java.lang.String,java.lang.String)[pri:0, instance:Hexaware.tests.UserOpenAccountProcess@235ecd9f]" started-at="2023-02-06T14:19:08 GMT-06:00" name="loginParaBank" data-provider="loginTestData" finished-at="2023-02-06T14:19:10 GMT-06:00" duration-ms="1900" status="PASS">
          <params>
            <param index="0">
              <value>
                <![CDATA[ocanchola]]>
              </value>
            </param>
            <param index="1">
              <value>
                <![CDATA[432323]]>
              </value>
            </param>
          </params>
          <reporter-output>
          </reporter-output>
        </test-method> <!-- loginParaBank -->
        <test-method is-config="true" signature="tearDown()[pri:0, instance:Hexaware.tests.UserOpenAccountProcess@235ecd9f]" started-at="2023-02-06T14:19:10 GMT-06:00" name="tearDown" finished-at="2023-02-06T14:19:10 GMT-06:00" duration-ms="214" status="PASS">
          <reporter-output>
          </reporter-output>
        </test-method> <!-- tearDown -->
      </class> <!-- Hexaware.tests.UserOpenAccountProcess -->
    </test> <!-- Default test -->
  </suite> <!-- Default suite -->
</testng-results>
